# JRE version: Java(TM) SE Runtime Environment (19.0.1+10) (build 19.0.1+10-21)
# Java VM: Java HotSpot(TM) 64-Bit Server VM (19.0.1+10-21, mixed mode, sharing, tiered, compressed oops, compressed class ptrs, g1 gc, windows-amd64)
GC Precious Log:
 CardTable entry size: 512
 Card Set container configuration: InlinePtr #cards 4 size 8 Array Of Cards #cards 32 size 80 Howl #buckets 8 coarsen threshold 7372 Howl Bitmap #cards 1024 size 144 coarsen threshold 921 Card regions per heap region 1 cards per card region 8192
 CPUs: 12 total, 12 available
 Memory: 20332M
 Large Page Support: Disabled
 NUMA Support: Disabled
 Compressed Oops: Enabled (Zero based)
 Heap Region Size: 4M
 Heap Min Capacity: 8M
 Heap Initial Capacity: 320M
 Heap Max Capacity: 5084M
 Pre-touch: Disabled
 Parallel Workers: 10
 Concurrent Workers: 3
 Concurrent Refinement Workers: 10
 Periodic GC: Disabled
Heap:
 garbage-first heap   total 536576K, used 385718K [0x00000006c2400000, 0x0000000800000000)
  region size 4096K, 37 young (151552K), 3 survivors (12288K)
 Metaspace       used 132568K, committed 134336K, reserved 1179648K
  class space    used 14484K, committed 15360K, reserved 1048576K
GC Heap History (20 events):
Event: 2583.843 GC heap before
{Heap before GC invocations=109 (full 32):
 garbage-first heap   total 536576K, used 382316K [0x00000006c2400000, 0x0000000800000000)
  region size 4096K, 42 young (172032K), 0 survivors (0K)
 Metaspace       used 126826K, committed 128576K, reserved 1179648K
  class space    used 14064K, committed 14912K, reserved 1048576K
}
Event: 2583.963 GC heap after
{Heap after GC invocations=110 (full 33):
 garbage-first heap   total 536576K, used 219500K [0x00000006c2400000, 0x0000000800000000)
  region size 4096K, 0 young (0K), 0 survivors (0K)
 Metaspace       used 126819K, committed 128576K, reserved 1179648K
  class space    used 14063K, committed 14912K, reserved 1048576K
}
Event: 2589.396 GC heap before
{Heap before GC invocations=110 (full 33):
 garbage-first heap   total 536576K, used 391532K [0x00000006c2400000, 0x0000000800000000)
  region size 4096K, 43 young (176128K), 0 survivors (0K)
 Metaspace       used 127869K, committed 129600K, reserved 1179648K
  class space    used 14141K, committed 14976K, reserved 1048576K
}
Event: 2589.529 GC heap after
{Heap after GC invocations=111 (full 34):
 garbage-first heap   total 536576K, used 224821K [0x00000006c2400000, 0x0000000800000000)
  region size 4096K, 0 young (0K), 0 survivors (0K)
 Metaspace       used 127862K, committed 129600K, reserved 1179648K
  class space    used 14140K, committed 14976K, reserved 1048576K
}
Event: 2628.711 GC heap before
{Heap before GC invocations=111 (full 34):
 garbage-first heap   total 536576K, used 421429K [0x00000006c2400000, 0x0000000800000000)
  region size 4096K, 48 young (196608K), 0 survivors (0K)
 Metaspace       used 128849K, committed 130560K, reserved 1179648K
  class space    used 14218K, committed 15040K, reserved 1048576K
}
Event: 2628.715 GC heap after
{Heap after GC invocations=112 (full 34):
 garbage-first heap   total 536576K, used 234907K [0x00000006c2400000, 0x0000000800000000)
  region size 4096K, 3 young (12288K), 3 survivors (12288K)
 Metaspace       used 128849K, committed 130560K, reserved 1179648K
  class space    used 14218K, committed 15040K, reserved 1048576K
}
Event: 2691.734 GC heap before
{Heap before GC invocations=112 (full 34):
 garbage-first heap   total 536576K, used 275867K [0x00000006c2400000, 0x0000000800000000)
  region size 4096K, 14 young (57344K), 3 survivors (12288K)
 Metaspace       used 128901K, committed 130624K, reserved 1179648K
  class space    used 14220K, committed 15040K, reserved 1048576K
}
Event: 2691.855 GC heap after
{Heap after GC invocations=113 (full 35):
 garbage-first heap   total 536576K, used 230573K [0x00000006c2400000, 0x0000000800000000)
  region size 4096K, 0 young (0K), 0 survivors (0K)
 Metaspace       used 128901K, committed 130624K, reserved 1179648K
  class space    used 14220K, committed 15040K, reserved 1048576K
}
Event: 2694.553 GC heap before
{Heap before GC invocations=113 (full 35):
 garbage-first heap   total 536576K, used 398509K [0x00000006c2400000, 0x0000000800000000)
  region size 4096K, 42 young (172032K), 0 survivors (0K)
 Metaspace       used 129879K, committed 131648K, reserved 1179648K
  class space    used 14297K, committed 15168K, reserved 1048576K
}
Event: 2694.681 GC heap after
{Heap after GC invocations=114 (full 36):
 garbage-first heap   total 536576K, used 235577K [0x00000006c2400000, 0x0000000800000000)
  region size 4096K, 0 young (0K), 0 survivors (0K)
 Metaspace       used 129879K, committed 131648K, reserved 1179648K
  class space    used 14297K, committed 15168K, reserved 1048576K
}
Event: 2697.221 GC heap before
{Heap before GC invocations=114 (full 36):
 garbage-first heap   total 536576K, used 403513K [0x00000006c2400000, 0x0000000800000000)
  region size 4096K, 42 young (172032K), 0 survivors (0K)
 Metaspace       used 130883K, committed 132672K, reserved 1179648K
  class space    used 14374K, committed 15232K, reserved 1048576K
}
Event: 2697.354 GC heap after
{Heap after GC invocations=115 (full 37):
 garbage-first heap   total 536576K, used 240771K [0x00000006c2400000, 0x0000000800000000)
  region size 4096K, 0 young (0K), 0 survivors (0K)
 Metaspace       used 130883K, committed 132672K, reserved 1179648K
  class space    used 14374K, committed 15232K, reserved 1048576K
}
Event: 2737.304 GC heap before
{Heap before GC invocations=115 (full 37):
 garbage-first heap   total 536576K, used 429187K [0x00000006c2400000, 0x0000000800000000)
  region size 4096K, 46 young (188416K), 0 survivors (0K)
 Metaspace       used 131802K, committed 133632K, reserved 1179648K
  class space    used 14450K, committed 15360K, reserved 1048576K
}
Event: 2737.308 GC heap after
{Heap after GC invocations=116 (full 37):
 garbage-first heap   total 536576K, used 249674K [0x00000006c2400000, 0x0000000800000000)
  region size 4096K, 3 young (12288K), 3 survivors (12288K)
 Metaspace       used 131802K, committed 133632K, reserved 1179648K
  class space    used 14450K, committed 15360K, reserved 1048576K
}
Event: 2978.786 GC heap before
{Heap before GC invocations=116 (full 37):
 garbage-first heap   total 536576K, used 429898K [0x00000006c2400000, 0x0000000800000000)
  region size 4096K, 47 young (192512K), 3 survivors (12288K)
 Metaspace       used 132184K, committed 134016K, reserved 1179648K
  class space    used 14464K, committed 15360K, reserved 1048576K
}
Event: 2978.789 GC heap after
{Heap after GC invocations=117 (full 37):
 garbage-first heap   total 536576K, used 250276K [0x00000006c2400000, 0x0000000800000000)
  region size 4096K, 3 young (12288K), 3 survivors (12288K)
 Metaspace       used 132184K, committed 134016K, reserved 1179648K
  class space    used 14464K, committed 15360K, reserved 1048576K
}
Event: 3257.010 GC heap before
{Heap before GC invocations=117 (full 37):
 garbage-first heap   total 536576K, used 434596K [0x00000006c2400000, 0x0000000800000000)
  region size 4096K, 48 young (196608K), 3 survivors (12288K)
 Metaspace       used 132329K, committed 134144K, reserved 1179648K
  class space    used 14467K, committed 15360K, reserved 1048576K
}
Event: 3257.013 GC heap after
{Heap after GC invocations=118 (full 37):
 garbage-first heap   total 536576K, used 250354K [0x00000006c2400000, 0x0000000800000000)
  region size 4096K, 3 young (12288K), 3 survivors (12288K)
 Metaspace       used 132329K, committed 134144K, reserved 1179648K
  class space    used 14467K, committed 15360K, reserved 1048576K
}
Event: 3569.986 GC heap before
{Heap before GC invocations=118 (full 37):
 garbage-first heap   total 536576K, used 438770K [0x00000006c2400000, 0x0000000800000000)
  region size 4096K, 49 young (200704K), 3 survivors (12288K)
 Metaspace       used 132365K, committed 134144K, reserved 1179648K
  class space    used 14469K, committed 15360K, reserved 1048576K
}
Event: 3569.989 GC heap after
{Heap after GC invocations=119 (full 37):
 garbage-first heap   total 536576K, used 250550K [0x00000006c2400000, 0x0000000800000000)
  region size 4096K, 3 young (12288K), 3 survivors (12288K)
 Metaspace       used 132365K, committed 134144K, reserved 1179648K
  class space    used 14469K, committed 15360K, reserved 1048576K
}

